2024-01-28 10:48:41.554 [info] Getting Manifest... ritwickdey.liveserver
2024-01-28 10:48:41.560 [info] Installing extension: ritwickdey.liveserver
2024-01-28 10:48:43.214 [info] Extension signature is verified: ritwickdey.liveserver
2024-01-28 10:48:48.591 [info] Extracted extension to file:///c%3A/Users/Appedu/Downloads/VSCode-win32-x64-1.85.2/data/extensions/ritwickdey.liveserver-5.7.9: ritwickdey.liveserver
2024-01-28 10:48:48.607 [info] Renamed to c:\Users\Appedu\Downloads\VSCode-win32-x64-1.85.2\data\extensions\ritwickdey.liveserver-5.7.9
2024-01-28 10:48:48.609 [info] Extracting extension completed. ritwickdey.liveserver
2024-01-28 10:48:48.622 [info] Extension installed successfully: ritwickdey.liveserver
2024-01-28 10:48:48.712 [error] [uncaught exception in sharedProcess]: Error: ENOENT: no such file or directory, stat 'c:\Users\Appedu\Downloads\VSCode-win32-x64-1.85.2\data\extensions\extensions.json.vsctmp': EntryNotFound (FileSystemError): Error: ENOENT: no such file or directory, stat 'c:\Users\Appedu\Downloads\VSCode-win32-x64-1.85.2\data\extensions\extensions.json.vsctmp'
    at r.create (c:\Users\Appedu\Downloads\VSCode-win32-x64-1.85.2\resources\app\out\vs\code\node\sharedProcess\sharedProcessMain.js:51:30056)
    at a (c:\Users\Appedu\Downloads\VSCode-win32-x64-1.85.2\resources\app\out\vs\code\node\sharedProcess\sharedProcessMain.js:51:30170)
    at s.fb (c:\Users\Appedu\Downloads\VSCode-win32-x64-1.85.2\resources\app\out\vs\code\node\sharedProcess\sharedProcessMain.js:56:36175)
    at s.stat (c:\Users\Appedu\Downloads\VSCode-win32-x64-1.85.2\resources\app\out\vs\code\node\sharedProcess\sharedProcessMain.js:56:28621)
    at async E.stat (c:\Users\Appedu\Downloads\VSCode-win32-x64-1.85.2\resources\app\out\vs\code\node\sharedProcess\sharedProcessMain.js:56:15732)
    at async Y.tb (c:\Users\Appedu\Downloads\VSCode-win32-x64-1.85.2\resources\app\out\vs\code\node\sharedProcess\sharedProcessMain.js:100:111319)
2024-01-28 10:49:10.233 [info] Getting Manifest... pkief.material-icon-theme
2024-01-28 10:49:10.244 [info] Installing extension: pkief.material-icon-theme
2024-01-28 10:49:11.786 [info] Extension signature is verified: pkief.material-icon-theme
2024-01-28 10:49:12.744 [info] Extracted extension to file:///c%3A/Users/Appedu/Downloads/VSCode-win32-x64-1.85.2/data/extensions/pkief.material-icon-theme-4.33.0: pkief.material-icon-theme
2024-01-28 10:49:12.750 [info] Renamed to c:\Users\Appedu\Downloads\VSCode-win32-x64-1.85.2\data\extensions\pkief.material-icon-theme-4.33.0
2024-01-28 10:49:12.753 [info] Extracting extension completed. pkief.material-icon-theme
2024-01-28 10:49:12.765 [info] Extension installed successfully: pkief.material-icon-theme
2024-01-28 10:49:12.811 [error] [uncaught exception in sharedProcess]: Error: ENOENT: no such file or directory, stat 'c:\Users\Appedu\Downloads\VSCode-win32-x64-1.85.2\data\extensions\extensions.json.vsctmp': EntryNotFound (FileSystemError): Error: ENOENT: no such file or directory, stat 'c:\Users\Appedu\Downloads\VSCode-win32-x64-1.85.2\data\extensions\extensions.json.vsctmp'
    at r.create (c:\Users\Appedu\Downloads\VSCode-win32-x64-1.85.2\resources\app\out\vs\code\node\sharedProcess\sharedProcessMain.js:51:30056)
    at a (c:\Users\Appedu\Downloads\VSCode-win32-x64-1.85.2\resources\app\out\vs\code\node\sharedProcess\sharedProcessMain.js:51:30170)
    at s.fb (c:\Users\Appedu\Downloads\VSCode-win32-x64-1.85.2\resources\app\out\vs\code\node\sharedProcess\sharedProcessMain.js:56:36175)
    at s.stat (c:\Users\Appedu\Downloads\VSCode-win32-x64-1.85.2\resources\app\out\vs\code\node\sharedProcess\sharedProcessMain.js:56:28621)
    at async E.stat (c:\Users\Appedu\Downloads\VSCode-win32-x64-1.85.2\resources\app\out\vs\code\node\sharedProcess\sharedProcessMain.js:56:15732)
    at async Y.tb (c:\Users\Appedu\Downloads\VSCode-win32-x64-1.85.2\resources\app\out\vs\code\node\sharedProcess\sharedProcessMain.js:100:111319)
2024-01-28 10:49:17.109 [info] Getting Manifest... mhutchie.git-graph
2024-01-28 10:49:17.120 [info] Installing extension: mhutchie.git-graph
2024-01-28 10:49:17.908 [info] Extension signature is verified: mhutchie.git-graph
2024-01-28 10:49:18.020 [info] Extracted extension to file:///c%3A/Users/Appedu/Downloads/VSCode-win32-x64-1.85.2/data/extensions/mhutchie.git-graph-1.30.0: mhutchie.git-graph
2024-01-28 10:49:18.029 [info] Renamed to c:\Users\Appedu\Downloads\VSCode-win32-x64-1.85.2\data\extensions\mhutchie.git-graph-1.30.0
2024-01-28 10:49:18.031 [info] Extracting extension completed. mhutchie.git-graph
2024-01-28 10:49:18.043 [info] Extension installed successfully: mhutchie.git-graph
2024-01-28 10:49:18.095 [error] [uncaught exception in sharedProcess]: Error: ENOENT: no such file or directory, stat 'c:\Users\Appedu\Downloads\VSCode-win32-x64-1.85.2\data\extensions\extensions.json.vsctmp': EntryNotFound (FileSystemError): Error: ENOENT: no such file or directory, stat 'c:\Users\Appedu\Downloads\VSCode-win32-x64-1.85.2\data\extensions\extensions.json.vsctmp'
    at r.create (c:\Users\Appedu\Downloads\VSCode-win32-x64-1.85.2\resources\app\out\vs\code\node\sharedProcess\sharedProcessMain.js:51:30056)
    at a (c:\Users\Appedu\Downloads\VSCode-win32-x64-1.85.2\resources\app\out\vs\code\node\sharedProcess\sharedProcessMain.js:51:30170)
    at s.fb (c:\Users\Appedu\Downloads\VSCode-win32-x64-1.85.2\resources\app\out\vs\code\node\sharedProcess\sharedProcessMain.js:56:36175)
    at s.stat (c:\Users\Appedu\Downloads\VSCode-win32-x64-1.85.2\resources\app\out\vs\code\node\sharedProcess\sharedProcessMain.js:56:28621)
    at async E.stat (c:\Users\Appedu\Downloads\VSCode-win32-x64-1.85.2\resources\app\out\vs\code\node\sharedProcess\sharedProcessMain.js:56:15732)
    at async Y.tb (c:\Users\Appedu\Downloads\VSCode-win32-x64-1.85.2\resources\app\out\vs\code\node\sharedProcess\sharedProcessMain.js:100:111319)
2024-01-28 10:50:07.450 [info] Getting Manifest... vscjava.vscode-spring-initializr
2024-01-28 10:50:07.456 [info] Installing extension: vscjava.vscode-spring-initializr
2024-01-28 10:50:08.547 [info] Extension signature is verified: vscjava.vscode-spring-initializr
2024-01-28 10:50:08.603 [info] Extracted extension to file:///c%3A/Users/Appedu/Downloads/VSCode-win32-x64-1.85.2/data/extensions/vscjava.vscode-spring-initializr-0.11.2: vscjava.vscode-spring-initializr
2024-01-28 10:50:08.608 [info] Renamed to c:\Users\Appedu\Downloads\VSCode-win32-x64-1.85.2\data\extensions\vscjava.vscode-spring-initializr-0.11.2
2024-01-28 10:50:08.610 [info] Extracting extension completed. vscjava.vscode-spring-initializr
2024-01-28 10:50:08.622 [info] Extension installed successfully: vscjava.vscode-spring-initializr
2024-01-28 10:50:08.643 [error] [uncaught exception in sharedProcess]: Error: ENOENT: no such file or directory, stat 'c:\Users\Appedu\Downloads\VSCode-win32-x64-1.85.2\data\extensions\extensions.json.vsctmp': EntryNotFound (FileSystemError): Error: ENOENT: no such file or directory, stat 'c:\Users\Appedu\Downloads\VSCode-win32-x64-1.85.2\data\extensions\extensions.json.vsctmp'
    at r.create (c:\Users\Appedu\Downloads\VSCode-win32-x64-1.85.2\resources\app\out\vs\code\node\sharedProcess\sharedProcessMain.js:51:30056)
    at a (c:\Users\Appedu\Downloads\VSCode-win32-x64-1.85.2\resources\app\out\vs\code\node\sharedProcess\sharedProcessMain.js:51:30170)
    at s.fb (c:\Users\Appedu\Downloads\VSCode-win32-x64-1.85.2\resources\app\out\vs\code\node\sharedProcess\sharedProcessMain.js:56:36175)
    at s.stat (c:\Users\Appedu\Downloads\VSCode-win32-x64-1.85.2\resources\app\out\vs\code\node\sharedProcess\sharedProcessMain.js:56:28621)
    at async E.stat (c:\Users\Appedu\Downloads\VSCode-win32-x64-1.85.2\resources\app\out\vs\code\node\sharedProcess\sharedProcessMain.js:56:15732)
    at async Y.tb (c:\Users\Appedu\Downloads\VSCode-win32-x64-1.85.2\resources\app\out\vs\code\node\sharedProcess\sharedProcessMain.js:100:111319)
2024-01-28 10:50:23.045 [info] Uninstalling extension from the profile: vscjava.vscode-spring-initializr@0.11.2 vscode-userdata:/c%3A/Users/Appedu/Downloads/VSCode-win32-x64-1.85.2/data/extensions/extensions.json
2024-01-28 10:50:23.070 [info] Marked extension as uninstalled vscjava.vscode-spring-initializr-0.11.2
2024-01-28 10:50:23.151 [error] [uncaught exception in sharedProcess]: Error: ENOENT: no such file or directory, stat 'c:\Users\Appedu\Downloads\VSCode-win32-x64-1.85.2\data\extensions\extensions.json.vsctmp': EntryNotFound (FileSystemError): Error: ENOENT: no such file or directory, stat 'c:\Users\Appedu\Downloads\VSCode-win32-x64-1.85.2\data\extensions\extensions.json.vsctmp'
    at r.create (c:\Users\Appedu\Downloads\VSCode-win32-x64-1.85.2\resources\app\out\vs\code\node\sharedProcess\sharedProcessMain.js:51:30056)
    at a (c:\Users\Appedu\Downloads\VSCode-win32-x64-1.85.2\resources\app\out\vs\code\node\sharedProcess\sharedProcessMain.js:51:30170)
    at s.fb (c:\Users\Appedu\Downloads\VSCode-win32-x64-1.85.2\resources\app\out\vs\code\node\sharedProcess\sharedProcessMain.js:56:36175)
    at s.stat (c:\Users\Appedu\Downloads\VSCode-win32-x64-1.85.2\resources\app\out\vs\code\node\sharedProcess\sharedProcessMain.js:56:28621)
    at async E.stat (c:\Users\Appedu\Downloads\VSCode-win32-x64-1.85.2\resources\app\out\vs\code\node\sharedProcess\sharedProcessMain.js:56:15732)
    at async Y.tb (c:\Users\Appedu\Downloads\VSCode-win32-x64-1.85.2\resources\app\out\vs\code\node\sharedProcess\sharedProcessMain.js:100:111319)
2024-01-28 10:50:23.352 [info] Successfully uninstalled extension from the profile vscjava.vscode-spring-initializr@0.11.2 vscode-userdata:/c%3A/Users/Appedu/Downloads/VSCode-win32-x64-1.85.2/data/extensions/extensions.json
2024-01-28 10:50:32.926 [info] Getting Manifest... xabikos.javascriptsnippets
2024-01-28 10:50:32.930 [info] Installing extension: xabikos.javascriptsnippets
2024-01-28 10:50:33.564 [info] Extension signature is verified: xabikos.javascriptsnippets
2024-01-28 10:50:33.581 [info] Extracted extension to file:///c%3A/Users/Appedu/Downloads/VSCode-win32-x64-1.85.2/data/extensions/xabikos.javascriptsnippets-1.8.0: xabikos.javascriptsnippets
2024-01-28 10:50:33.583 [info] Renamed to c:\Users\Appedu\Downloads\VSCode-win32-x64-1.85.2\data\extensions\xabikos.javascriptsnippets-1.8.0
2024-01-28 10:50:33.585 [info] Extracting extension completed. xabikos.javascriptsnippets
2024-01-28 10:50:33.602 [info] Extension installed successfully: xabikos.javascriptsnippets
2024-01-28 10:50:33.647 [error] [uncaught exception in sharedProcess]: Error: ENOENT: no such file or directory, stat 'c:\Users\Appedu\Downloads\VSCode-win32-x64-1.85.2\data\extensions\extensions.json.vsctmp': EntryNotFound (FileSystemError): Error: ENOENT: no such file or directory, stat 'c:\Users\Appedu\Downloads\VSCode-win32-x64-1.85.2\data\extensions\extensions.json.vsctmp'
    at r.create (c:\Users\Appedu\Downloads\VSCode-win32-x64-1.85.2\resources\app\out\vs\code\node\sharedProcess\sharedProcessMain.js:51:30056)
    at a (c:\Users\Appedu\Downloads\VSCode-win32-x64-1.85.2\resources\app\out\vs\code\node\sharedProcess\sharedProcessMain.js:51:30170)
    at s.fb (c:\Users\Appedu\Downloads\VSCode-win32-x64-1.85.2\resources\app\out\vs\code\node\sharedProcess\sharedProcessMain.js:56:36175)
    at s.stat (c:\Users\Appedu\Downloads\VSCode-win32-x64-1.85.2\resources\app\out\vs\code\node\sharedProcess\sharedProcessMain.js:56:28621)
    at async E.stat (c:\Users\Appedu\Downloads\VSCode-win32-x64-1.85.2\resources\app\out\vs\code\node\sharedProcess\sharedProcessMain.js:56:15732)
    at async Y.tb (c:\Users\Appedu\Downloads\VSCode-win32-x64-1.85.2\resources\app\out\vs\code\node\sharedProcess\sharedProcessMain.js:100:111319)
2024-01-28 10:50:44.033 [info] Getting Manifest... techer.open-in-browser
2024-01-28 10:50:44.043 [info] Installing extension: techer.open-in-browser
2024-01-28 10:50:44.780 [info] Extension signature is verified: techer.open-in-browser
2024-01-28 10:50:44.844 [info] Extracted extension to file:///c%3A/Users/Appedu/Downloads/VSCode-win32-x64-1.85.2/data/extensions/techer.open-in-browser-2.0.0: techer.open-in-browser
2024-01-28 10:50:44.851 [info] Renamed to c:\Users\Appedu\Downloads\VSCode-win32-x64-1.85.2\data\extensions\techer.open-in-browser-2.0.0
2024-01-28 10:50:44.853 [info] Extracting extension completed. techer.open-in-browser
2024-01-28 10:50:44.864 [error] [uncaught exception in sharedProcess]: Error: ENOENT: no such file or directory, stat 'c:\Users\Appedu\Downloads\VSCode-win32-x64-1.85.2\data\extensions\extensions.json.vsctmp': EntryNotFound (FileSystemError): Error: ENOENT: no such file or directory, stat 'c:\Users\Appedu\Downloads\VSCode-win32-x64-1.85.2\data\extensions\extensions.json.vsctmp'
    at r.create (c:\Users\Appedu\Downloads\VSCode-win32-x64-1.85.2\resources\app\out\vs\code\node\sharedProcess\sharedProcessMain.js:51:30056)
    at a (c:\Users\Appedu\Downloads\VSCode-win32-x64-1.85.2\resources\app\out\vs\code\node\sharedProcess\sharedProcessMain.js:51:30170)
    at s.fb (c:\Users\Appedu\Downloads\VSCode-win32-x64-1.85.2\resources\app\out\vs\code\node\sharedProcess\sharedProcessMain.js:56:36175)
    at s.stat (c:\Users\Appedu\Downloads\VSCode-win32-x64-1.85.2\resources\app\out\vs\code\node\sharedProcess\sharedProcessMain.js:56:28621)
    at async E.stat (c:\Users\Appedu\Downloads\VSCode-win32-x64-1.85.2\resources\app\out\vs\code\node\sharedProcess\sharedProcessMain.js:56:15732)
    at async Y.tb (c:\Users\Appedu\Downloads\VSCode-win32-x64-1.85.2\resources\app\out\vs\code\node\sharedProcess\sharedProcessMain.js:100:111319)
2024-01-28 10:50:44.865 [info] Extension installed successfully: techer.open-in-browser
2024-01-28 10:51:23.826 [info] Getting Manifest... vscode-icons-team.vscode-icons
2024-01-28 10:51:23.835 [info] Installing extension: vscode-icons-team.vscode-icons
2024-01-28 10:51:25.194 [info] Extension signature is verified: vscode-icons-team.vscode-icons
2024-01-28 10:51:26.592 [info] Extracted extension to file:///c%3A/Users/Appedu/Downloads/VSCode-win32-x64-1.85.2/data/extensions/vscode-icons-team.vscode-icons-12.7.0: vscode-icons-team.vscode-icons
2024-01-28 10:51:26.597 [info] Renamed to c:\Users\Appedu\Downloads\VSCode-win32-x64-1.85.2\data\extensions\vscode-icons-team.vscode-icons-12.7.0
2024-01-28 10:51:26.600 [info] Extracting extension completed. vscode-icons-team.vscode-icons
2024-01-28 10:51:26.611 [info] Extension installed successfully: vscode-icons-team.vscode-icons
2024-01-28 10:51:26.648 [error] [uncaught exception in sharedProcess]: Error: ENOENT: no such file or directory, stat 'c:\Users\Appedu\Downloads\VSCode-win32-x64-1.85.2\data\extensions\extensions.json.vsctmp': EntryNotFound (FileSystemError): Error: ENOENT: no such file or directory, stat 'c:\Users\Appedu\Downloads\VSCode-win32-x64-1.85.2\data\extensions\extensions.json.vsctmp'
    at r.create (c:\Users\Appedu\Downloads\VSCode-win32-x64-1.85.2\resources\app\out\vs\code\node\sharedProcess\sharedProcessMain.js:51:30056)
    at a (c:\Users\Appedu\Downloads\VSCode-win32-x64-1.85.2\resources\app\out\vs\code\node\sharedProcess\sharedProcessMain.js:51:30170)
    at s.fb (c:\Users\Appedu\Downloads\VSCode-win32-x64-1.85.2\resources\app\out\vs\code\node\sharedProcess\sharedProcessMain.js:56:36175)
    at s.stat (c:\Users\Appedu\Downloads\VSCode-win32-x64-1.85.2\resources\app\out\vs\code\node\sharedProcess\sharedProcessMain.js:56:28621)
    at async E.stat (c:\Users\Appedu\Downloads\VSCode-win32-x64-1.85.2\resources\app\out\vs\code\node\sharedProcess\sharedProcessMain.js:56:15732)
    at async Y.tb (c:\Users\Appedu\Downloads\VSCode-win32-x64-1.85.2\resources\app\out\vs\code\node\sharedProcess\sharedProcessMain.js:100:111319)
