2024-01-28 10:47:37.773 [info] Getting Manifest... jerryhong.autofilename
2024-01-28 10:47:37.781 [info] Installing extension: jerryhong.autofilename
2024-01-28 10:47:38.531 [info] Extension signature is verified: jerryhong.autofilename
2024-01-28 10:47:38.559 [info] Extracted extension to file:///c%3A/Users/Appedu/Downloads/VSCode-win32-x64-1.85.2/data/extensions/jerryhong.autofilename-0.1.3: jerryhong.autofilename
2024-01-28 10:47:38.565 [info] Renamed to c:\Users\Appedu\Downloads\VSCode-win32-x64-1.85.2\data\extensions\jerryhong.autofilename-0.1.3
2024-01-28 10:47:38.566 [info] Extracting extension completed. jerryhong.autofilename
2024-01-28 10:47:38.577 [info] Extension installed successfully: jerryhong.autofilename
2024-01-28 10:47:38.636 [error] [uncaught exception in sharedProcess]: Error: ENOENT: no such file or directory, stat 'c:\Users\Appedu\Downloads\VSCode-win32-x64-1.85.2\data\extensions\extensions.json.vsctmp': EntryNotFound (FileSystemError): Error: ENOENT: no such file or directory, stat 'c:\Users\Appedu\Downloads\VSCode-win32-x64-1.85.2\data\extensions\extensions.json.vsctmp'
    at r.create (c:\Users\Appedu\Downloads\VSCode-win32-x64-1.85.2\resources\app\out\vs\code\node\sharedProcess\sharedProcessMain.js:51:30056)
    at a (c:\Users\Appedu\Downloads\VSCode-win32-x64-1.85.2\resources\app\out\vs\code\node\sharedProcess\sharedProcessMain.js:51:30170)
    at s.fb (c:\Users\Appedu\Downloads\VSCode-win32-x64-1.85.2\resources\app\out\vs\code\node\sharedProcess\sharedProcessMain.js:56:36175)
    at s.stat (c:\Users\Appedu\Downloads\VSCode-win32-x64-1.85.2\resources\app\out\vs\code\node\sharedProcess\sharedProcessMain.js:56:28621)
    at async E.stat (c:\Users\Appedu\Downloads\VSCode-win32-x64-1.85.2\resources\app\out\vs\code\node\sharedProcess\sharedProcessMain.js:56:15732)
    at async Y.tb (c:\Users\Appedu\Downloads\VSCode-win32-x64-1.85.2\resources\app\out\vs\code\node\sharedProcess\sharedProcessMain.js:100:111319)
2024-01-28 10:48:01.422 [info] Getting Manifest... yhpnoraa.beauty
2024-01-28 10:48:01.435 [info] Installing extension: yhpnoraa.beauty
2024-01-28 10:48:02.172 [info] Extension signature is verified: yhpnoraa.beauty
2024-01-28 10:48:02.220 [info] Extracted extension to file:///c%3A/Users/Appedu/Downloads/VSCode-win32-x64-1.85.2/data/extensions/yhpnoraa.beauty-0.0.2: yhpnoraa.beauty
2024-01-28 10:48:02.226 [info] Renamed to c:\Users\Appedu\Downloads\VSCode-win32-x64-1.85.2\data\extensions\yhpnoraa.beauty-0.0.2
2024-01-28 10:48:02.228 [info] Extracting extension completed. yhpnoraa.beauty
2024-01-28 10:48:02.237 [info] Extension installed successfully: yhpnoraa.beauty
2024-01-28 10:48:02.270 [error] [uncaught exception in sharedProcess]: Error: ENOENT: no such file or directory, stat 'c:\Users\Appedu\Downloads\VSCode-win32-x64-1.85.2\data\extensions\extensions.json.vsctmp': EntryNotFound (FileSystemError): Error: ENOENT: no such file or directory, stat 'c:\Users\Appedu\Downloads\VSCode-win32-x64-1.85.2\data\extensions\extensions.json.vsctmp'
    at r.create (c:\Users\Appedu\Downloads\VSCode-win32-x64-1.85.2\resources\app\out\vs\code\node\sharedProcess\sharedProcessMain.js:51:30056)
    at a (c:\Users\Appedu\Downloads\VSCode-win32-x64-1.85.2\resources\app\out\vs\code\node\sharedProcess\sharedProcessMain.js:51:30170)
    at s.fb (c:\Users\Appedu\Downloads\VSCode-win32-x64-1.85.2\resources\app\out\vs\code\node\sharedProcess\sharedProcessMain.js:56:36175)
    at s.stat (c:\Users\Appedu\Downloads\VSCode-win32-x64-1.85.2\resources\app\out\vs\code\node\sharedProcess\sharedProcessMain.js:56:28621)
    at async E.stat (c:\Users\Appedu\Downloads\VSCode-win32-x64-1.85.2\resources\app\out\vs\code\node\sharedProcess\sharedProcessMain.js:56:15732)
    at async Y.tb (c:\Users\Appedu\Downloads\VSCode-win32-x64-1.85.2\resources\app\out\vs\code\node\sharedProcess\sharedProcessMain.js:100:111319)
2024-01-28 10:48:11.165 [info] Getting Manifest... ms-ceintl.vscode-language-pack-zh-hant
2024-01-28 10:48:11.178 [info] Installing extension: ms-ceintl.vscode-language-pack-zh-hant
2024-01-28 10:48:11.964 [info] Extension signature is verified: ms-ceintl.vscode-language-pack-zh-hant
2024-01-28 10:48:12.086 [info] Extracted extension to file:///c%3A/Users/Appedu/Downloads/VSCode-win32-x64-1.85.2/data/extensions/ms-ceintl.vscode-language-pack-zh-hant-1.85.2024011709: ms-ceintl.vscode-language-pack-zh-hant
2024-01-28 10:48:12.093 [info] Renamed to c:\Users\Appedu\Downloads\VSCode-win32-x64-1.85.2\data\extensions\ms-ceintl.vscode-language-pack-zh-hant-1.85.2024011709
2024-01-28 10:48:12.096 [info] Extracting extension completed. ms-ceintl.vscode-language-pack-zh-hant
2024-01-28 10:48:12.107 [info] Adding language packs from the extension ms-ceintl.vscode-language-pack-zh-hant
2024-01-28 10:48:12.150 [error] [uncaught exception in sharedProcess]: Error: ENOENT: no such file or directory, stat 'c:\Users\Appedu\Downloads\VSCode-win32-x64-1.85.2\data\extensions\extensions.json.vsctmp': EntryNotFound (FileSystemError): Error: ENOENT: no such file or directory, stat 'c:\Users\Appedu\Downloads\VSCode-win32-x64-1.85.2\data\extensions\extensions.json.vsctmp'
    at r.create (c:\Users\Appedu\Downloads\VSCode-win32-x64-1.85.2\resources\app\out\vs\code\node\sharedProcess\sharedProcessMain.js:51:30056)
    at a (c:\Users\Appedu\Downloads\VSCode-win32-x64-1.85.2\resources\app\out\vs\code\node\sharedProcess\sharedProcessMain.js:51:30170)
    at s.fb (c:\Users\Appedu\Downloads\VSCode-win32-x64-1.85.2\resources\app\out\vs\code\node\sharedProcess\sharedProcessMain.js:56:36175)
    at s.stat (c:\Users\Appedu\Downloads\VSCode-win32-x64-1.85.2\resources\app\out\vs\code\node\sharedProcess\sharedProcessMain.js:56:28621)
    at async E.stat (c:\Users\Appedu\Downloads\VSCode-win32-x64-1.85.2\resources\app\out\vs\code\node\sharedProcess\sharedProcessMain.js:56:15732)
    at async Y.tb (c:\Users\Appedu\Downloads\VSCode-win32-x64-1.85.2\resources\app\out\vs\code\node\sharedProcess\sharedProcessMain.js:100:111319)
2024-01-28 10:48:12.197 [info] Extension installed successfully: ms-ceintl.vscode-language-pack-zh-hant
