2024-01-28 10:49:22.828 [info] Reading sessions from keychain...
2024-01-28 10:49:22.828 [info] Getting sessions for all scopes...
2024-01-28 10:49:22.828 [info] Got 0 sessions for ...
2024-01-28 10:49:22.828 [info] Getting sessions for all scopes...
2024-01-28 10:49:22.828 [info] Got 0 sessions for ...
2024-01-28 10:49:22.828 [info] Getting sessions for read:user,repo,user:email,workflow...
2024-01-28 10:49:22.828 [info] Got 0 sessions for read:user,repo,user:email,workflow...
2024-01-28 10:49:24.783 [info] Logging in for the following scopes: read:user repo user:email workflow
2024-01-28 10:49:24.786 [info] Trying without local server... (read:user repo user:email workflow)
2024-01-28 10:49:27.236 [info] Exchanging code for token...
2024-01-28 10:49:27.682 [info] Token exchange success!
2024-01-28 10:49:27.683 [info] Getting user info...
2024-01-28 10:49:28.114 [info] Got account info!
2024-01-28 10:49:28.116 [info] Storing 1 sessions...
2024-01-28 10:49:28.119 [info] Reading sessions from keychain...
2024-01-28 10:49:28.119 [info] Stored 1 sessions!
2024-01-28 10:49:28.120 [info] Login success!
2024-01-28 10:49:28.127 [info] Got stored sessions!
2024-01-28 10:49:28.128 [info] Got 1 verified sessions.
2024-01-28 10:49:48.268 [info] Reading sessions from keychain...
2024-01-28 10:49:48.268 [info] Getting sessions for all scopes...
2024-01-28 10:49:48.268 [info] Got stored sessions!
2024-01-28 10:49:48.268 [info] Got 1 verified sessions.
2024-01-28 10:49:48.268 [info] Got 1 sessions for ...
2024-01-28 10:49:48.268 [info] Getting sessions for all scopes...
2024-01-28 10:49:48.268 [info] Got 1 sessions for ...
2024-01-28 10:49:48.268 [info] Getting sessions for read:user,repo,user:email,workflow...
2024-01-28 10:49:48.268 [info] Got 1 sessions for read:user,repo,user:email,workflow...
2024-01-28 10:49:48.703 [info] Getting sessions for read:user,repo,user:email,workflow...
2024-01-28 10:49:48.703 [info] Got 1 sessions for read:user,repo,user:email,workflow...
