2024-01-28 10:48:15.152 [info] Added views:workbench.panel.markers.view in workbench.panel.markers
2024-01-28 10:48:15.152 [info] Added views:workbench.panel.output in workbench.panel.output
2024-01-28 10:48:15.152 [info] Added views:terminal in terminal
2024-01-28 10:48:15.152 [info] Added views:outline in workbench.view.explorer
2024-01-28 10:48:15.152 [info] Added views:workbench.scm in workbench.view.scm
2024-01-28 10:48:15.152 [info] Added views:workbench.view.search in workbench.view.search
2024-01-28 10:48:15.152 [info] Added views:timeline in workbench.view.explorer
2024-01-28 10:48:15.152 [info] Added views:workbench.explorer.emptyView in workbench.view.explorer
2024-01-28 10:48:15.826 [info] Added views:workbench.debug.welcome in workbench.view.debug
2024-01-28 10:48:15.858 [info] Added views:workbench.panel.repl.view in workbench.panel.repl
2024-01-28 10:48:16.107 [info] Added views:~remote.forwardedPorts in ~remote.forwardedPortsContainer
2024-01-28 10:48:17.525 [info] Added views:workbench.views.extensions.installed,workbench.views.extensions.popular,extensions.recommendedList in workbench.view.extensions
2024-01-28 10:48:17.526 [info] Removed views:workbench.views.extensions.popular from workbench.view.extensions
2024-01-28 10:48:31.896 [info] Removed views:extensions.recommendedList,workbench.views.extensions.installed from workbench.view.extensions
2024-01-28 10:48:31.905 [info] Added views:workbench.views.extensions.marketplace in workbench.view.extensions
2024-01-28 10:48:32.471 [info] Removed views:workbench.views.extensions.marketplace from workbench.view.extensions
2024-01-28 10:48:32.479 [info] Added views:workbench.views.extensions.installed,extensions.recommendedList in workbench.view.extensions
2024-01-28 10:48:35.138 [info] Removed views:extensions.recommendedList,workbench.views.extensions.installed from workbench.view.extensions
2024-01-28 10:48:35.144 [info] Added views:workbench.views.extensions.marketplace in workbench.view.extensions
2024-01-28 10:48:36.897 [info] Removed views:workbench.views.extensions.marketplace from workbench.view.extensions
2024-01-28 10:48:36.903 [info] Added views:workbench.views.extensions.installed,extensions.recommendedList in workbench.view.extensions
2024-01-28 10:48:38.546 [info] Removed views:extensions.recommendedList,workbench.views.extensions.installed from workbench.view.extensions
2024-01-28 10:48:38.553 [info] Added views:workbench.views.extensions.marketplace in workbench.view.extensions
2024-01-28 10:48:44.708 [info] Removed views:workbench.views.extensions.marketplace from workbench.view.extensions
2024-01-28 10:48:44.717 [info] Added views:workbench.views.extensions.installed,extensions.recommendedList in workbench.view.extensions
2024-01-28 10:49:05.870 [info] Removed views:extensions.recommendedList,workbench.views.extensions.installed from workbench.view.extensions
2024-01-28 10:49:05.877 [info] Added views:workbench.views.extensions.marketplace in workbench.view.extensions
2024-01-28 10:49:44.603 [info] Added views:workbench.panel.markers.view in workbench.panel.markers
2024-01-28 10:49:44.603 [info] Added views:workbench.panel.output in workbench.panel.output
2024-01-28 10:49:44.603 [info] Added views:terminal in terminal
2024-01-28 10:49:44.603 [info] Added views:outline in workbench.view.explorer
2024-01-28 10:49:44.603 [info] Added views:workbench.scm in workbench.view.scm
2024-01-28 10:49:44.603 [info] Added views:workbench.view.search in workbench.view.search
2024-01-28 10:49:44.603 [info] Added views:timeline in workbench.view.explorer
2024-01-28 10:49:44.603 [info] Added views:workbench.explorer.fileView in workbench.view.explorer
2024-01-28 10:49:45.112 [info] Added views:workbench.debug.variablesView,workbench.debug.watchExpressionsView,workbench.debug.callStackView,workbench.debug.breakPointsView in workbench.view.debug
2024-01-28 10:49:45.147 [info] Added views:workbench.panel.repl.view in workbench.panel.repl
2024-01-28 10:49:45.148 [info] Removed views:workbench.debug.breakPointsView,workbench.debug.callStackView,workbench.debug.watchExpressionsView,workbench.debug.variablesView from workbench.view.debug
2024-01-28 10:49:45.148 [info] Added views:workbench.debug.welcome in workbench.view.debug
2024-01-28 10:49:45.231 [info] Added views:~remote.forwardedPorts in ~remote.forwardedPortsContainer
2024-01-28 10:49:54.780 [info] Added views:workbench.views.extensions.installed,workbench.views.extensions.popular,extensions.recommendedList in workbench.view.extensions
2024-01-28 10:49:54.781 [info] Removed views:workbench.views.extensions.popular from workbench.view.extensions
2024-01-28 10:50:02.983 [info] Removed views:extensions.recommendedList,workbench.views.extensions.installed from workbench.view.extensions
2024-01-28 10:50:02.988 [info] Added views:workbench.views.extensions.marketplace in workbench.view.extensions
2024-01-28 10:50:17.971 [info] Removed views:workbench.views.extensions.marketplace from workbench.view.extensions
2024-01-28 10:50:17.980 [info] Added views:workbench.views.extensions.installed,extensions.recommendedList in workbench.view.extensions
2024-01-28 10:50:27.144 [info] Removed views:extensions.recommendedList,workbench.views.extensions.installed from workbench.view.extensions
2024-01-28 10:50:27.149 [info] Added views:workbench.views.extensions.marketplace in workbench.view.extensions
2024-01-28 10:50:50.044 [info] Removed views:workbench.views.extensions.marketplace from workbench.view.extensions
2024-01-28 10:50:50.050 [info] Added views:workbench.views.extensions.installed,extensions.recommendedList in workbench.view.extensions
2024-01-28 10:51:04.710 [info] Removed views:extensions.recommendedList,workbench.views.extensions.installed from workbench.view.extensions
2024-01-28 10:51:04.715 [info] Added views:workbench.views.extensions.marketplace in workbench.view.extensions
2024-01-28 10:51:38.755 [info] Removed views:workbench.views.extensions.marketplace from workbench.view.extensions
2024-01-28 10:51:38.763 [info] Added views:workbench.views.extensions.installed,extensions.recommendedList in workbench.view.extensions
