2024-01-28 10:48:15.737 [info] Extension host with pid 5472 started
2024-01-28 10:48:15.859 [info] ExtensionService#_doActivateExtension vscode.git-base, startup: true, activationEvent: '*', root cause: vscode.git
2024-01-28 10:48:15.860 [info] ExtensionService#_doActivateExtension JerryHong.autofilename, startup: true, activationEvent: '*'
2024-01-28 10:48:15.867 [info] ExtensionService#_doActivateExtension yhpnoraa.beauty, startup: true, activationEvent: '*'
2024-01-28 10:48:16.317 [info] ExtensionService#_doActivateExtension vscode.git, startup: true, activationEvent: '*'
2024-01-28 10:48:16.318 [info] ExtensionService#_doActivateExtension vscode.github, startup: true, activationEvent: '*'
2024-01-28 10:48:16.448 [info] Eager extensions activated
2024-01-28 10:48:16.501 [info] ExtensionService#_doActivateExtension vscode.debug-auto-launch, startup: false, activationEvent: 'onStartupFinished'
2024-01-28 10:48:16.501 [info] ExtensionService#_doActivateExtension vscode.merge-conflict, startup: false, activationEvent: 'onStartupFinished'
2024-01-28 10:48:17.599 [info] ExtensionService#_doActivateExtension vscode.emmet, startup: false, activationEvent: 'onLanguage'
2024-01-28 10:48:48.708 [info] ExtensionService#_doActivateExtension ritwickdey.LiveServer, startup: false, activationEvent: 'onStartupFinished'
2024-01-28 10:49:12.932 [info] ExtensionService#_doActivateExtension PKief.material-icon-theme, startup: false, activationEvent: 'onStartupFinished'
2024-01-28 10:49:18.127 [info] ExtensionService#_doActivateExtension mhutchie.git-graph, startup: false, activationEvent: '*'
2024-01-28 10:49:22.734 [info] ExtensionService#_doActivateExtension vscode.github-authentication, startup: false, activationEvent: 'onAuthenticationRequest:github'
2024-01-28 10:49:44.070 [info] Extension host terminating: renderer closed the MessagePort
2024-01-28 10:49:44.091 [info] Extension host with pid 5472 exiting with code 0
2024-01-28 10:49:45.119 [info] Extension host with pid 10768 started
2024-01-28 10:49:45.120 [info] Skipping acquiring lock for c:\Users\Appedu\Downloads\VSCode-win32-x64-1.85.2\data\user-data\User\workspaceStorage\38c677727862c9d2fccf0f6f1ef62aa6.
2024-01-28 10:49:45.155 [info] ExtensionService#_doActivateExtension vscode.git-base, startup: true, activationEvent: '*'
2024-01-28 10:49:45.242 [info] ExtensionService#_doActivateExtension vscode.github, startup: true, activationEvent: '*'
2024-01-28 10:49:45.367 [info] Eager extensions activated
2024-01-28 10:49:45.402 [info] ExtensionService#_doActivateExtension vscode.debug-auto-launch, startup: false, activationEvent: 'onStartupFinished'
2024-01-28 10:49:45.402 [info] ExtensionService#_doActivateExtension vscode.merge-conflict, startup: false, activationEvent: 'onStartupFinished'
2024-01-28 10:49:45.403 [info] ExtensionService#_doActivateExtension PKief.material-icon-theme, startup: false, activationEvent: 'onStartupFinished'
2024-01-28 10:49:47.541 [info] ExtensionService#_doActivateExtension vscode.git, startup: false, activationEvent: 'api', root cause: vscode.github
2024-01-28 10:49:47.543 [info] ExtensionService#_doActivateExtension JerryHong.autofilename, startup: false, activationEvent: '*'
2024-01-28 10:49:47.546 [info] ExtensionService#_doActivateExtension mhutchie.git-graph, startup: false, activationEvent: '*'
2024-01-28 10:49:47.577 [info] ExtensionService#_doActivateExtension ritwickdey.LiveServer, startup: false, activationEvent: 'onStartupFinished'
2024-01-28 10:49:47.592 [info] ExtensionService#_doActivateExtension yhpnoraa.beauty, startup: false, activationEvent: '*'
2024-01-28 10:49:48.168 [info] ExtensionService#_doActivateExtension vscode.github-authentication, startup: false, activationEvent: 'onAuthenticationRequest:github'
2024-01-28 10:49:54.841 [info] ExtensionService#_doActivateExtension vscode.emmet, startup: false, activationEvent: 'onLanguage'
2024-01-28 10:51:26.780 [info] ExtensionService#_doActivateExtension vscode-icons-team.vscode-icons, startup: false, activationEvent: 'onStartupFinished'
2024-01-28 10:51:33.548 [info] ExtensionService#_doActivateExtension vscode.json-language-features, startup: false, activationEvent: 'onLanguage:jsonc'
2024-01-28 10:51:33.549 [info] ExtensionService#_doActivateExtension vscode.typescript-language-features, startup: false, activationEvent: 'onLanguage:jsonc'
