2024-01-28 10:45:58.399 [info] Added views:workbench.panel.markers.view in workbench.panel.markers
2024-01-28 10:45:58.400 [info] Added views:workbench.panel.output in workbench.panel.output
2024-01-28 10:45:58.400 [info] Added views:terminal in terminal
2024-01-28 10:45:58.400 [info] Added views:outline in workbench.view.explorer
2024-01-28 10:45:58.400 [info] Added views:workbench.scm in workbench.view.scm
2024-01-28 10:45:58.400 [info] Added views:workbench.view.search in workbench.view.search
2024-01-28 10:45:58.400 [info] Added views:timeline in workbench.view.explorer
2024-01-28 10:45:58.400 [info] Added views:workbench.explorer.emptyView in workbench.view.explorer
2024-01-28 10:45:59.158 [info] Added views:workbench.debug.variablesView,workbench.debug.watchExpressionsView,workbench.debug.callStackView,workbench.debug.breakPointsView in workbench.view.debug
2024-01-28 10:45:59.181 [info] Added views:workbench.panel.repl.view in workbench.panel.repl
2024-01-28 10:45:59.182 [info] Removed views:workbench.debug.breakPointsView,workbench.debug.callStackView,workbench.debug.watchExpressionsView,workbench.debug.variablesView from workbench.view.debug
2024-01-28 10:45:59.183 [info] Added views:workbench.debug.welcome in workbench.view.debug
2024-01-28 10:45:59.405 [info] Added views:~remote.forwardedPorts in ~remote.forwardedPortsContainer
2024-01-28 10:46:57.093 [info] Added views:workbench.views.extensions.installed,workbench.views.extensions.popular,extensions.recommendedList in workbench.view.extensions
2024-01-28 10:46:57.096 [info] Removed views:workbench.views.extensions.popular from workbench.view.extensions
2024-01-28 10:46:57.498 [info] Added views:workbench.views.extensions.popular in workbench.view.extensions
2024-01-28 10:47:27.329 [info] Removed views:extensions.recommendedList,workbench.views.extensions.popular,workbench.views.extensions.installed from workbench.view.extensions
2024-01-28 10:47:27.340 [info] Added views:workbench.views.extensions.marketplace in workbench.view.extensions
2024-01-28 10:47:27.515 [info] Removed views:workbench.views.extensions.marketplace from workbench.view.extensions
2024-01-28 10:47:27.526 [info] Added views:workbench.views.extensions.installed,workbench.views.extensions.popular,extensions.recommendedList in workbench.view.extensions
2024-01-28 10:47:28.351 [info] Removed views:extensions.recommendedList,workbench.views.extensions.popular,workbench.views.extensions.installed from workbench.view.extensions
2024-01-28 10:47:28.365 [info] Added views:workbench.views.extensions.marketplace in workbench.view.extensions
2024-01-28 10:47:50.245 [info] Removed views:workbench.views.extensions.marketplace from workbench.view.extensions
2024-01-28 10:47:50.256 [info] Added views:workbench.views.extensions.installed,workbench.views.extensions.popular,extensions.recommendedList in workbench.view.extensions
2024-01-28 10:47:52.642 [info] Removed views:extensions.recommendedList,workbench.views.extensions.popular,workbench.views.extensions.installed from workbench.view.extensions
2024-01-28 10:47:52.655 [info] Added views:workbench.views.extensions.marketplace in workbench.view.extensions
2024-01-28 10:47:53.337 [info] Removed views:workbench.views.extensions.marketplace from workbench.view.extensions
2024-01-28 10:47:53.352 [info] Added views:workbench.views.extensions.installed,workbench.views.extensions.popular,extensions.recommendedList in workbench.view.extensions
2024-01-28 10:47:54.592 [info] Removed views:extensions.recommendedList,workbench.views.extensions.popular,workbench.views.extensions.installed from workbench.view.extensions
2024-01-28 10:47:54.598 [info] Added views:workbench.views.extensions.marketplace in workbench.view.extensions
